#
# There is insufficient memory for the Java Runtime Environment to continue.
# Native memory allocation (mmap) failed to map 291504128 bytes. Error detail: G1 virtual space
# Possible reasons:
#   The system is out of physical RAM or swap space
#   This process is running with CompressedOops enabled, and the Java Heap may be blocking the growth of the native heap
# Possible solutions:
#   Reduce memory load on the system
#   Increase physical memory or swap space
#   Check if swap backing store is full
#   Decrease Java heap size (-Xmx/-Xms)
#   Decrease number of Java threads
#   Decrease Java thread stack sizes (-Xss)
#   Set larger code cache with -XX:ReservedCodeCacheSize=
#   JVM is running with Zero Based Compressed Oops mode in which the Java heap is
#     placed in the first 32GB address space. The Java Heap base address is the
#     maximum limit for the native heap growth. Please use -XX:HeapBaseMinAddress
#     to set the Java Heap base and to place the Java Heap above 32GB virtual address.
# This output file may be truncated or incomplete.
#
#  Out of Memory Error (os_windows.cpp:3618), pid=24788, tid=5060
#
# JRE version: OpenJDK Runtime Environment Temurin-17.0.19+10 (17.0.19+10) (build 17.0.19+10)
# Java VM: OpenJDK 64-Bit Server VM Temurin-17.0.19+10 (17.0.19+10, mixed mode, sharing, tiered, compressed oops, compressed class ptrs, g1 gc, windows-amd64)
# No core dump will be written. Minidumps are not enabled by default on client versions of Windows
#

---------------  S U M M A R Y ------------

Command Line: -XX:MaxMetaspaceSize=2G -XX:+HeapDumpOnOutOfMemoryError --add-opens=java.base/java.util=ALL-UNNAMED --add-opens=java.base/java.lang=ALL-UNNAMED --add-opens=java.base/java.lang.invoke=ALL-UNNAMED --add-opens=java.prefs/java.util.prefs=ALL-UNNAMED --add-opens=java.base/java.nio.charset=ALL-UNNAMED --add-opens=java.base/java.net=ALL-UNNAMED --add-opens=java.base/java.util.concurrent.atomic=ALL-UNNAMED -Xmx4G -Dfile.encoding=windows-1252 -Duser.country=US -Duser.language=en -Duser.variant -javaagent:D:\.gradle\wrapper\dists\gradle-8.7-bin\bhs2wmbdwecv87pi65oeuq5iu\gradle-8.7\lib\agents\gradle-instrumentation-agent-8.7.jar org.gradle.launcher.daemon.bootstrap.GradleDaemon 8.7

Host: Intel(R) Core(TM) i5-6300U CPU @ 2.40GHz, 4 cores, 3G,  Windows 11 , 64 bit Build 22621 (10.0.22621.3958)
Time: Sat Jun 13 19:44:34 2026 E. Africa Standard Time elapsed time: 180.371464 seconds (0d 0h 3m 0s)

---------------  T H R E A D  ---------------

Current thread (0x00000114c337bdf0):  VMThread "VM Thread" [stack: 0x00000006d0500000,0x00000006d0600000] [id=5060]

Stack: [0x00000006d0500000,0x00000006d0600000]
Native frames: (J=compiled Java code, j=interpreted, Vv=VM code, C=native code)
V  [jvm.dll+0x684b29]
V  [jvm.dll+0x83a2d5]
V  [jvm.dll+0x83bd4e]
V  [jvm.dll+0x83c3d3]
V  [jvm.dll+0x24905f]
V  [jvm.dll+0x6818e9]
V  [jvm.dll+0x6766ea]
V  [jvm.dll+0x3093b7]
V  [jvm.dll+0x3109a6]
V  [jvm.dll+0x360f1e]
V  [jvm.dll+0x36115d]
V  [jvm.dll+0x2e043c]
V  [jvm.dll+0x2de812]
V  [jvm.dll+0x2ddfac]
V  [jvm.dll+0x320c6b]
V  [jvm.dll+0x840bed]
V  [jvm.dll+0x841923]
V  [jvm.dll+0x841e4f]
V  [jvm.dll+0x842235]
V  [jvm.dll+0x8422fe]
V  [jvm.dll+0x7eaf1c]
V  [jvm.dll+0x6839f7]
C  [ucrtbase.dll+0x29333]
C  [KERNEL32.DLL+0x1257d]
C  [ntdll.dll+0x5af08]

VM_Operation (0x00000006d1df1760): G1CollectForAllocation, mode: safepoint, requested by thread 0x000001150a14c150


---------------  P R O C E S S  ---------------

Threads class SMR info:
_java_thread_list=0x000001150c11d850, length=58, elements={
0x000001149ebec440, 0x00000114c3380b40, 0x00000114c33818d0, 0x00000114c3399c30,
0x00000114c339c510, 0x00000114c339cde0, 0x00000114c339d6b0, 0x00000114c339e360,
0x00000114c33a2d40, 0x00000114c33e6ce0, 0x00000114c35ba610, 0x00000114c36b7cf0,
0x000001150967e9e0, 0x00000115098dd850, 0x00000115090c52c0, 0x00000115090dd270,
0x00000115090ddb20, 0x000001150a14b730, 0x000001150a14c150, 0x000001150a1498d0,
0x000001150a149de0, 0x000001150a14bc40, 0x000001150a14a2f0, 0x000001150a14c660,
0x000001150a14cb70, 0x000001150a14ad10, 0x000001150a14d080, 0x000001150a14b220,
0x000001150974a770, 0x0000011509749d50, 0x000001150974c5d0, 0x00000115097479e0,
0x0000011509749840, 0x000001150974c0c0, 0x0000011509748910, 0x0000011509747ef0,
0x000001150974bbb0, 0x000001150974e430, 0x000001150974d500, 0x000001150974cff0,
0x000001150974cae0, 0x000001150974a260, 0x000001150974df20, 0x0000011509748e20,
0x000001150974b190, 0x000001150974b6a0, 0x0000011509746fc0, 0x00000115097474d0,
0x0000011509749330, 0x000001150c274ad0, 0x000001150c273ba0, 0x000001150c271d40,
0x000001150c270e10, 0x000001150c272760, 0x000001150c276420, 0x000001150c277d70,
0x000001150c272c70, 0x000001150c276e40
}

Java Threads: ( => current thread )
  0x000001149ebec440 JavaThread "main" [_thread_blocked, id=28128, stack(0x00000006cff00000,0x00000006d0000000)]
  0x00000114c3380b40 JavaThread "Reference Handler" daemon [_thread_blocked, id=20828, stack(0x00000006d0600000,0x00000006d0700000)]
  0x00000114c33818d0 JavaThread "Finalizer" daemon [_thread_blocked, id=18584, stack(0x00000006d0700000,0x00000006d0800000)]
  0x00000114c3399c30 JavaThread "Signal Dispatcher" daemon [_thread_blocked, id=21748, stack(0x00000006d0800000,0x00000006d0900000)]
  0x00000114c339c510 JavaThread "Attach Listener" daemon [_thread_blocked, id=7704, stack(0x00000006d0900000,0x00000006d0a00000)]
  0x00000114c339cde0 JavaThread "Service Thread" daemon [_thread_blocked, id=12696, stack(0x00000006d0a00000,0x00000006d0b00000)]
  0x00000114c339d6b0 JavaThread "Monitor Deflation Thread" daemon [_thread_blocked, id=10472, stack(0x00000006d0b00000,0x00000006d0c00000)]
  0x00000114c339e360 JavaThread "C2 CompilerThread0" daemon [_thread_blocked, id=26380, stack(0x00000006d0c00000,0x00000006d0d00000)]
  0x00000114c33a2d40 JavaThread "C1 CompilerThread0" daemon [_thread_blocked, id=1584, stack(0x00000006d0d00000,0x00000006d0e00000)]
  0x00000114c33e6ce0 JavaThread "Sweeper thread" daemon [_thread_blocked, id=8992, stack(0x00000006d0e00000,0x00000006d0f00000)]
  0x00000114c35ba610 JavaThread "Common-Cleaner" daemon [_thread_blocked, id=25088, stack(0x00000006d0f00000,0x00000006d1000000)]
  0x00000114c36b7cf0 JavaThread "Notification Thread" daemon [_thread_blocked, id=23228, stack(0x00000006d1000000,0x00000006d1100000)]
  0x000001150967e9e0 JavaThread "Daemon health stats" [_thread_blocked, id=6448, stack(0x00000006d1700000,0x00000006d1800000)]
  0x00000115098dd850 JavaThread "Incoming local TCP Connector on port 55319" [_thread_in_native, id=26660, stack(0x00000006d1800000,0x00000006d1900000)]
  0x00000115090c52c0 JavaThread "Daemon periodic checks" [_thread_blocked, id=13712, stack(0x00000006d1900000,0x00000006d1a00000)]
  0x00000115090dd270 JavaThread "Daemon" [_thread_blocked, id=20052, stack(0x00000006d1a00000,0x00000006d1b00000)]
  0x00000115090ddb20 JavaThread "Handler for socket connection from /127.0.0.1:55319 to /127.0.0.1:55320" [_thread_in_native, id=17548, stack(0x00000006d1b00000,0x00000006d1c00000)]
  0x000001150a14b730 JavaThread "Cancel handler" [_thread_blocked, id=23920, stack(0x00000006d1c00000,0x00000006d1d00000)]
  0x000001150a14c150 JavaThread "Daemon worker" [_thread_blocked, id=21140, stack(0x00000006d1d00000,0x00000006d1e00000)]
  0x000001150a1498d0 JavaThread "Asynchronous log dispatcher for DefaultDaemonConnection: socket connection from /127.0.0.1:55319 to /127.0.0.1:55320" [_thread_blocked, id=9528, stack(0x00000006d1e00000,0x00000006d1f00000)]
  0x000001150a149de0 JavaThread "Stdin handler" [_thread_blocked, id=25652, stack(0x00000006d1f00000,0x00000006d2000000)]
  0x000001150a14bc40 JavaThread "Daemon client event forwarder" [_thread_blocked, id=21296, stack(0x00000006d2000000,0x00000006d2100000)]
  0x000001150a14a2f0 JavaThread "Cache worker for journal cache (D:\.gradle\caches\journal-1)" [_thread_blocked, id=22164, stack(0x00000006d2100000,0x00000006d2200000)]
  0x000001150a14c660 JavaThread "File lock request listener" [_thread_in_native, id=13264, stack(0x00000006d2200000,0x00000006d2300000)]
  0x000001150a14cb70 JavaThread "Cache worker for file hash cache (D:\.gradle\caches\8.7\fileHashes)" [_thread_blocked, id=14600, stack(0x00000006d2300000,0x00000006d2400000)]
  0x000001150a14ad10 JavaThread "Cache worker for file hash cache (D:\biashara_os\android\.gradle\8.7\fileHashes)" [_thread_blocked, id=10828, stack(0x00000006d2400000,0x00000006d2500000)]
  0x000001150a14d080 JavaThread "File watcher server" daemon [_thread_in_native, id=11140, stack(0x00000006d2500000,0x00000006d2600000)]
  0x000001150a14b220 JavaThread "File watcher consumer" daemon [_thread_blocked, id=2180, stack(0x00000006d2600000,0x00000006d2700000)]
  0x000001150974a770 JavaThread "Cache worker for checksums cache (D:\biashara_os\android\.gradle\8.7\checksums)" [_thread_blocked, id=24100, stack(0x00000006d2800000,0x00000006d2900000)]
  0x0000011509749d50 JavaThread "Cache worker for cache directory md-supplier (D:\.gradle\caches\8.7\md-supplier)" [_thread_blocked, id=22532, stack(0x00000006d2900000,0x00000006d2a00000)]
  0x000001150974c5d0 JavaThread "Cache worker for cache directory md-rule (D:\.gradle\caches\8.7\md-rule)" [_thread_blocked, id=2028, stack(0x00000006d2a00000,0x00000006d2b00000)]
  0x00000115097479e0 JavaThread "Cache worker for file content cache (D:\.gradle\caches\8.7\fileContent)" [_thread_blocked, id=27320, stack(0x00000006d2b00000,0x00000006d2c00000)]
  0x0000011509749840 JavaThread "jar transforms" [_thread_blocked, id=19428, stack(0x00000006cfc00000,0x00000006cfd00000)]
  0x000001150974c0c0 JavaThread "Cache worker for Build Output Cleanup Cache (D:\flutter\packages\flutter_tools\gradle\.gradle\buildOutputCleanup)" [_thread_blocked, id=6888, stack(0x00000006cfd00000,0x00000006cfe00000)]
  0x0000011509748910 JavaThread "Memory manager" [_thread_blocked, id=16156, stack(0x00000006cfe00000,0x00000006cff00000)]
  0x0000011509747ef0 JavaThread "Execution worker" [_thread_blocked, id=20212, stack(0x00000006d2c00000,0x00000006d2d00000)]
  0x000001150974bbb0 JavaThread "Execution worker Thread 2" [_thread_blocked, id=14040, stack(0x00000006d2d00000,0x00000006d2e00000)]
  0x000001150974e430 JavaThread "Execution worker Thread 3" [_thread_blocked, id=6368, stack(0x00000006d2e00000,0x00000006d2f00000)]
  0x000001150974d500 JavaThread "Cache worker for execution history cache (D:\flutter\packages\flutter_tools\gradle\.gradle\8.7\executionHistory)" [_thread_blocked, id=11100, stack(0x00000006d2f00000,0x00000006d3000000)]
  0x000001150974cff0 JavaThread "Unconstrained build operations" [_thread_blocked, id=24828, stack(0x00000006d3100000,0x00000006d3200000)]
  0x000001150974cae0 JavaThread "Unconstrained build operations Thread 2" [_thread_blocked, id=17380, stack(0x00000006d3200000,0x00000006d3300000)]
  0x000001150974a260 JavaThread "Unconstrained build operations Thread 3" [_thread_blocked, id=28328, stack(0x00000006d3300000,0x00000006d3400000)]
  0x000001150974df20 JavaThread "File lock release action executor Thread 2" [_thread_blocked, id=1872, stack(0x00000006d3400000,0x00000006d3500000)]
  0x0000011509748e20 JavaThread "Unconstrained build operations Thread 4" [_thread_blocked, id=12360, stack(0x00000006d3500000,0x00000006d3600000)]
  0x000001150974b190 JavaThread "Unconstrained build operations Thread 5" [_thread_blocked, id=6812, stack(0x00000006d3600000,0x00000006d3700000)]
  0x000001150974b6a0 JavaThread "Unconstrained build operations Thread 6" [_thread_blocked, id=28656, stack(0x00000006d3700000,0x00000006d3800000)]
  0x0000011509746fc0 JavaThread "Unconstrained build operations Thread 7" [_thread_blocked, id=17368, stack(0x00000006d3800000,0x00000006d3900000)]
  0x00000115097474d0 JavaThread "Unconstrained build operations Thread 8" [_thread_blocked, id=6380, stack(0x00000006d3900000,0x00000006d3a00000)]
  0x0000011509749330 JavaThread "Unconstrained build operations Thread 9" [_thread_blocked, id=18636, stack(0x00000006d3a00000,0x00000006d3b00000)]
  0x000001150c274ad0 JavaThread "jar transforms Thread 2" [_thread_blocked, id=9760, stack(0x00000006d3b00000,0x00000006d3c00000)]
  0x000001150c273ba0 JavaThread "jar transforms Thread 3" [_thread_blocked, id=6312, stack(0x00000006d3c00000,0x00000006d3d00000)]
  0x000001150c271d40 JavaThread "jar transforms Thread 4" [_thread_blocked, id=13972, stack(0x00000006d3d00000,0x00000006d3e00000)]
  0x000001150c270e10 JavaThread "Cache worker for Build Output Cleanup Cache (D:\biashara_os\android\.gradle\buildOutputCleanup)" [_thread_blocked, id=11816, stack(0x00000006d3e00000,0x00000006d3f00000)]
  0x000001150c272760 JavaThread "Unconstrained build operations Thread 10" [_thread_blocked, id=10564, stack(0x00000006d3f00000,0x00000006d4000000)]
  0x000001150c276420 JavaThread "Unconstrained build operations Thread 11" [_thread_blocked, id=15820, stack(0x00000006d4000000,0x00000006d4100000)]
  0x000001150c277d70 JavaThread "Unconstrained build operations Thread 12" [_thread_blocked, id=13580, stack(0x00000006d4100000,0x00000006d4200000)]
  0x000001150c272c70 JavaThread "Unconstrained build operations Thread 13" [_thread_blocked, id=3268, stack(0x00000006d4200000,0x00000006d4300000)]
  0x000001150c276e40 JavaThread "build event listener" [_thread_blocked, id=19192, stack(0x00000006d2700000,0x00000006d2800000)]

Other Threads:
=>0x00000114c337bdf0 VMThread "VM Thread" [stack: 0x00000006d0500000,0x00000006d0600000] [id=5060]
  0x000001149ebee1e0 WatcherThread [stack: 0x00000006d1100000,0x00000006d1200000] [id=20352]
  0x000001149ec57fd0 GCTaskThread "GC Thread#0" [stack: 0x00000006d0000000,0x00000006d0100000] [id=12056]
  0x00000114c3751570 GCTaskThread "GC Thread#1" [stack: 0x00000006d1200000,0x00000006d1300000] [id=10544]
  0x00000115090add00 GCTaskThread "GC Thread#2" [stack: 0x00000006d1300000,0x00000006d1400000] [id=8808]
  0x0000011509a6c830 GCTaskThread "GC Thread#3" [stack: 0x00000006d1400000,0x00000006d1500000] [id=25572]
  0x000001149ec695d0 ConcurrentGCThread "G1 Main Marker" [stack: 0x00000006d0100000,0x00000006d0200000] [id=27576]
  0x000001149ec69f00 ConcurrentGCThread "G1 Conc#0" [stack: 0x00000006d0200000,0x00000006d0300000] [id=19132]
  0x000001149ec92c20 ConcurrentGCThread "G1 Refine#0" [stack: 0x00000006d0300000,0x00000006d0400000] [id=10148]
  0x000001149ec93560 ConcurrentGCThread "G1 Service" [stack: 0x00000006d0400000,0x00000006d0500000] [id=18456]

Threads with active compile tasks:

VM state: at safepoint (normal execution)

VM Mutex/Monitor currently owned by a thread:  ([mutex/lock_event])
[0x000001149ebe8440] Threads_lock - owner thread: 0x00000114c337bdf0
[0x000001149ebe9400] Heap_lock - owner thread: 0x000001150a14c150

Heap address: 0x0000000700000000, size: 4096 MB, Compressed Oops mode: Zero based, Oop shift amount: 3

CDS archive(s) mapped at: [0x00000114c4000000-0x00000114c4bb0000-0x00000114c4bb0000), size 12255232, SharedBaseAddress: 0x00000114c4000000, ArchiveRelocationMode: 1.
Compressed class space mapped at: 0x00000114c5000000-0x0000011505000000, reserved size: 1073741824
Narrow klass base: 0x00000114c4000000, Narrow klass shift: 0, Narrow klass range: 0x100000000

GC Precious Log:
 CPUs: 4 total, 4 available
 Memory: 3976M
 Large Page Support: Disabled
 NUMA Support: Disabled
 Compressed Oops: Enabled (Zero based)
 Heap Region Size: 2M
 Heap Min Capacity: 8M
 Heap Initial Capacity: 64M
 Heap Max Capacity: 4G
 Pre-touch: Disabled
 Parallel Workers: 4
 Concurrent Workers: 1
 Concurrent Refinement Workers: 4
 Periodic GC: Disabled

Heap:
 garbage-first heap   total 143360K, used 87368K [0x0000000700000000, 0x0000000800000000)
  region size 2048K, 1 young (2048K), 1 survivors (2048K)
 Metaspace       used 71627K, committed 72320K, reserved 1114112K
  class space    used 9872K, committed 10240K, reserved 1048576K

Heap Regions: E=young(eden), S=young(survivor), O=old, HS=humongous(starts), HC=humongous(continues), CS=collection set, F=free, OA=open archive, CA=closed archive, TAMS=top-at-mark-start (previous, next)
|   0|0x0000000700000000, 0x0000000700200000, 0x0000000700200000|100%| O|  |TAMS 0x0000000700200000, 0x0000000700200000| Untracked 
|   1|0x0000000700200000, 0x0000000700400000, 0x0000000700400000|100%|HS|  |TAMS 0x0000000700400000, 0x0000000700400000| Complete 
|   2|0x0000000700400000, 0x0000000700600000, 0x0000000700600000|100%|HC|  |TAMS 0x0000000700600000, 0x0000000700600000| Complete 
|   3|0x0000000700600000, 0x0000000700800000, 0x0000000700800000|100%| O|  |TAMS 0x0000000700800000, 0x0000000700800000| Untracked 
|   4|0x0000000700800000, 0x0000000700a00000, 0x0000000700a00000|100%| O|  |TAMS 0x0000000700a00000, 0x0000000700a00000| Untracked 
|   5|0x0000000700a00000, 0x0000000700c00000, 0x0000000700c00000|100%| O|  |TAMS 0x0000000700c00000, 0x0000000700c00000| Untracked 
|   6|0x0000000700c00000, 0x0000000700e00000, 0x0000000700e00000|100%| O|  |TAMS 0x0000000700e00000, 0x0000000700e00000| Untracked 
|   7|0x0000000700e00000, 0x0000000701000000, 0x0000000701000000|100%| O|  |TAMS 0x0000000701000000, 0x0000000701000000| Untracked 
|   8|0x0000000701000000, 0x0000000701200000, 0x0000000701200000|100%| O|  |TAMS 0x0000000701200000, 0x0000000701200000| Untracked 
|   9|0x0000000701200000, 0x0000000701400000, 0x0000000701400000|100%| O|  |TAMS 0x0000000701400000, 0x0000000701400000| Untracked 
|  10|0x0000000701400000, 0x0000000701600000, 0x0000000701600000|100%| O|  |TAMS 0x0000000701600000, 0x0000000701600000| Untracked 
|  11|0x0000000701600000, 0x0000000701800000, 0x0000000701800000|100%| O|  |TAMS 0x0000000701800000, 0x0000000701800000| Untracked 
|  12|0x0000000701800000, 0x0000000701a00000, 0x0000000701a00000|100%| O|  |TAMS 0x0000000701a00000, 0x0000000701a00000| Untracked 
|  13|0x0000000701a00000, 0x0000000701c00000, 0x0000000701c00000|100%| O|  |TAMS 0x0000000701c00000, 0x0000000701c00000| Untracked 
|  14|0x0000000701c00000, 0x0000000701e00000, 0x0000000701e00000|100%| O|  |TAMS 0x0000000701e00000, 0x0000000701e00000| Untracked 
|  15|0x0000000701e00000, 0x0000000702000000, 0x0000000702000000|100%| O|  |TAMS 0x0000000702000000, 0x0000000702000000| Untracked 
|  16|0x0000000702000000, 0x0000000702200000, 0x0000000702200000|100%| O|  |TAMS 0x0000000702200000, 0x0000000702200000| Untracked 
|  17|0x0000000702200000, 0x0000000702400000, 0x0000000702400000|100%| O|  |TAMS 0x0000000702400000, 0x0000000702400000| Untracked 
|  18|0x0000000702400000, 0x0000000702600000, 0x0000000702600000|100%| O|  |TAMS 0x0000000702600000, 0x0000000702600000| Untracked 
|  19|0x0000000702600000, 0x0000000702800000, 0x0000000702800000|100%| O|  |TAMS 0x0000000702800000, 0x0000000702800000| Untracked 
|  20|0x0000000702800000, 0x0000000702a00000, 0x0000000702a00000|100%| O|  |TAMS 0x0000000702a00000, 0x0000000702a00000| Untracked 
|  21|0x0000000702a00000, 0x0000000702a00000, 0x0000000702c00000|  0%| F|  |TAMS 0x0000000702a00000, 0x0000000702a00000| Untracked 
|  22|0x0000000702c00000, 0x0000000702e00000, 0x0000000702e00000|100%| O|  |TAMS 0x0000000702c00000, 0x0000000702e00000| Untracked 
|  23|0x0000000702e00000, 0x0000000703000000, 0x0000000703000000|100%|HS|  |TAMS 0x0000000703000000, 0x0000000703000000| Complete 
|  24|0x0000000703000000, 0x0000000703200000, 0x0000000703200000|100%| O|  |TAMS 0x0000000703200000, 0x0000000703200000| Untracked 
|  25|0x0000000703200000, 0x0000000703400000, 0x0000000703400000|100%| O|  |TAMS 0x0000000703400000, 0x0000000703400000| Untracked 
|  26|0x0000000703400000, 0x0000000703600000, 0x0000000703600000|100%|HS|  |TAMS 0x0000000703600000, 0x0000000703600000| Complete 
|  27|0x0000000703600000, 0x0000000703800000, 0x0000000703800000|100%|HC|  |TAMS 0x0000000703800000, 0x0000000703800000| Complete 
|  28|0x0000000703800000, 0x0000000703a00000, 0x0000000703a00000|100%| O|  |TAMS 0x0000000703a00000, 0x0000000703a00000| Untracked 
|  29|0x0000000703a00000, 0x0000000703c00000, 0x0000000703c00000|100%| O|  |TAMS 0x0000000703c00000, 0x0000000703c00000| Untracked 
|  30|0x0000000703c00000, 0x0000000703e00000, 0x0000000703e00000|100%| O|  |TAMS 0x0000000703e00000, 0x0000000703e00000| Untracked 
|  31|0x0000000703e00000, 0x0000000704000000, 0x0000000704000000|100%| O|  |TAMS 0x0000000704000000, 0x0000000704000000| Untracked 
|  32|0x0000000704000000, 0x0000000704200000, 0x0000000704200000|100%|HS|  |TAMS 0x0000000704200000, 0x0000000704200000| Complete 
|  33|0x0000000704200000, 0x0000000704400000, 0x0000000704400000|100%| O|  |TAMS 0x0000000704400000, 0x0000000704400000| Untracked 
|  34|0x0000000704400000, 0x0000000704600000, 0x0000000704600000|100%| O|  |TAMS 0x0000000704600000, 0x0000000704600000| Untracked 
|  35|0x0000000704600000, 0x0000000704800000, 0x0000000704800000|100%| O|  |TAMS 0x0000000704800000, 0x0000000704800000| Untracked 
|  36|0x0000000704800000, 0x0000000704a00000, 0x0000000704a00000|100%| O|  |TAMS 0x0000000704a00000, 0x0000000704a00000| Untracked 
|  37|0x0000000704a00000, 0x0000000704c00000, 0x0000000704c00000|100%| O|  |TAMS 0x0000000704c00000, 0x0000000704c00000| Untracked 
|  38|0x0000000704c00000, 0x0000000704e00000, 0x0000000704e00000|100%| O|  |TAMS 0x0000000704d47a00, 0x0000000704e00000| Untracked 
|  39|0x0000000704e00000, 0x0000000705000000, 0x0000000705000000|100%| O|  |TAMS 0x0000000704e00000, 0x0000000705000000| Untracked 
|  40|0x0000000705000000, 0x0000000705161600, 0x0000000705200000| 69%| O|  |TAMS 0x0000000705000000, 0x0000000705161600| Untracked 
|  41|0x0000000705200000, 0x0000000705400000, 0x0000000705400000|100%|HS|  |TAMS 0x0000000705200000, 0x0000000705400000| Complete 
|  42|0x0000000705400000, 0x0000000705600000, 0x0000000705600000|100%|HC|  |TAMS 0x0000000705400000, 0x0000000705600000| Complete 
|  43|0x0000000705600000, 0x0000000705600000, 0x0000000705800000|  0%| F|  |TAMS 0x0000000705600000, 0x0000000705600000| Untracked 
|  44|0x0000000705800000, 0x0000000705800000, 0x0000000705a00000|  0%| F|  |TAMS 0x0000000705800000, 0x0000000705800000| Untracked 
|  45|0x0000000705a00000, 0x0000000705a00000, 0x0000000705c00000|  0%| F|  |TAMS 0x0000000705a00000, 0x0000000705a00000| Untracked 
|  46|0x0000000705c00000, 0x0000000705c00000, 0x0000000705e00000|  0%| F|  |TAMS 0x0000000705c00000, 0x0000000705c00000| Untracked 
|  47|0x0000000705e00000, 0x0000000705e00000, 0x0000000706000000|  0%| F|  |TAMS 0x0000000705e00000, 0x0000000705e00000| Untracked 
|  48|0x0000000706000000, 0x0000000706000000, 0x0000000706200000|  0%| F|  |TAMS 0x0000000706000000, 0x0000000706000000| Untracked 
|  49|0x0000000706200000, 0x0000000706200000, 0x0000000706400000|  0%| F|  |TAMS 0x0000000706200000, 0x0000000706200000| Untracked 
|  50|0x0000000706400000, 0x0000000706400000, 0x0000000706600000|  0%| F|  |TAMS 0x0000000706400000, 0x0000000706400000| Untracked 
|  51|0x0000000706600000, 0x0000000706600000, 0x0000000706800000|  0%| F|  |TAMS 0x0000000706600000, 0x0000000706600000| Untracked 
|  52|0x0000000706800000, 0x0000000706800000, 0x0000000706a00000|  0%| F|  |TAMS 0x0000000706800000, 0x0000000706800000| Untracked 
|  53|0x0000000706a00000, 0x0000000706a00000, 0x0000000706c00000|  0%| F|  |TAMS 0x0000000706a00000, 0x0000000706a00000| Untracked 
|  54|0x0000000706c00000, 0x0000000706df0bd0, 0x0000000706e00000| 97%| S|CS|TAMS 0x0000000706c00000, 0x0000000706c00000| Complete 
|  55|0x0000000706e00000, 0x0000000706e00000, 0x0000000707000000|  0%| F|  |TAMS 0x0000000706e00000, 0x0000000706e00000| Untracked 
|  56|0x0000000707000000, 0x0000000707000000, 0x0000000707200000|  0%| F|  |TAMS 0x0000000707000000, 0x0000000707000000| Untracked 
|  57|0x0000000707200000, 0x0000000707200000, 0x0000000707400000|  0%| F|  |TAMS 0x0000000707200000, 0x0000000707200000| Untracked 
|  58|0x0000000707400000, 0x0000000707400000, 0x0000000707600000|  0%| F|  |TAMS 0x0000000707400000, 0x0000000707400000| Untracked 
|  59|0x0000000707600000, 0x0000000707600000, 0x0000000707800000|  0%| F|  |TAMS 0x0000000707600000, 0x0000000707600000| Untracked 
|  60|0x0000000707800000, 0x0000000707800000, 0x0000000707a00000|  0%| F|  |TAMS 0x0000000707800000, 0x0000000707800000| Untracked 
|  61|0x0000000707a00000, 0x0000000707a00000, 0x0000000707c00000|  0%| F|  |TAMS 0x0000000707a00000, 0x0000000707a00000| Untracked 
|  62|0x0000000707c00000, 0x0000000707c00000, 0x0000000707e00000|  0%| F|  |TAMS 0x0000000707c00000, 0x0000000707c00000| Untracked 
|  63|0x0000000707e00000, 0x0000000707e00000, 0x0000000708000000|  0%| F|  |TAMS 0x0000000707e00000, 0x0000000707e00000| Untracked 
|  64|0x0000000708000000, 0x0000000708000000, 0x0000000708200000|  0%| F|  |TAMS 0x0000000708000000, 0x0000000708000000| Untracked 
|  65|0x0000000708200000, 0x0000000708200000, 0x0000000708400000|  0%| F|  |TAMS 0x0000000708200000, 0x0000000708200000| Untracked 
|  66|0x0000000708400000, 0x0000000708400000, 0x0000000708600000|  0%| F|  |TAMS 0x0000000708400000, 0x0000000708400000| Untracked 
|  67|0x0000000708600000, 0x0000000708600000, 0x0000000708800000|  0%| F|  |TAMS 0x0000000708600000, 0x0000000708600000| Untracked 
|  68|0x0000000708800000, 0x0000000708800000, 0x0000000708a00000|  0%| F|  |TAMS 0x0000000708800000, 0x0000000708800000| Untracked 
|  69|0x0000000708a00000, 0x0000000708a00000, 0x0000000708c00000|  0%| F|  |TAMS 0x0000000708a00000, 0x0000000708a00000| Untracked 

Card table byte_map: [0x00000114b7d80000,0x00000114b8580000] _byte_map_base: 0x00000114b4580000

Marking Bits (Prev, Next): (CMBitMap*) 0x000001149ec58540, (CMBitMap*) 0x000001149ec58500
 Prev Bits: [0x00000114bcd80000, 0x00000114c0d80000)
 Next Bits: [0x00000114b8d80000, 0x00000114bcd80000)

Polling page: 0x000001149eca0000

Metaspace:

Usage:
  Non-class:     60.31 MB used.
      Class:      9.64 MB used.
       Both:     69.95 MB used.

Virtual space:
  Non-class space:       64.00 MB reserved,      60.62 MB ( 95%) committed,  1 nodes.
      Class space:        1.00 GB reserved,      10.00 MB ( <1%) committed,  1 nodes.
             Both:        1.06 GB reserved,      70.62 MB (  6%) committed. 

Chunk freelists:
   Non-Class:  2.53 MB
       Class:  5.98 MB
        Both:  8.52 MB

MaxMetaspaceSize: 2.00 GB
CompressedClassSpaceSize: 1.00 GB
Initial GC threshold: 21.00 MB
Current GC threshold: 110.56 MB
CDS: on
MetaspaceReclaimPolicy: balanced
 - commit_granule_bytes: 65536.
 - commit_granule_words: 8192.
 - virtual_space_node_default_size: 8388608.
 - enlarge_chunks_in_place: 1.
 - new_chunks_are_fully_committed: 0.
 - uncommit_free_chunks: 1.
 - use_allocation_guard: 0.
 - handle_deallocations: 1.


Internal statistics:

num_allocs_failed_limit: 3.
num_arena_births: 814.
num_arena_deaths: 0.
num_vsnodes_births: 2.
num_vsnodes_deaths: 0.
num_space_committed: 1130.
num_space_uncommitted: 0.
num_chunks_returned_to_freelist: 3.
num_chunks_taken_from_freelist: 3696.
num_chunk_merges: 3.
num_chunk_splits: 2485.
num_chunks_enlarged: 1703.
num_inconsistent_stats: 0.

CodeHeap 'non-profiled nmethods': size=120000Kb used=5423Kb max_used=5423Kb free=114576Kb
 bounds [0x00000114afa10000, 0x00000114aff60000, 0x00000114b6f40000]
CodeHeap 'profiled nmethods': size=120000Kb used=17107Kb max_used=17107Kb free=102892Kb
 bounds [0x00000114a7f40000, 0x00000114a9000000, 0x00000114af470000]
CodeHeap 'non-nmethods': size=5760Kb used=2367Kb max_used=2444Kb free=3392Kb
 bounds [0x00000114af470000, 0x00000114af6e0000, 0x00000114afa10000]
 total_blobs=9637 nmethods=8742 adapters=807
 compilation: enabled
              stopped_count=0, restarted_count=0
 full_count=0

Compilation events (20 events):
Event: 180.210 Thread 0x00000114c33a2d40 9522   !   3       com.sun.beans.introspect.ClassInfo::getMethods (47 bytes)
Event: 180.211 Thread 0x00000114c33a2d40 nmethod 9522 0x00000114a8fe8590 code [0x00000114a8fe8740, 0x00000114a8fe8a68]
Event: 180.221 Thread 0x00000114c33a2d40 9523       3       org.codehaus.groovy.runtime.metaclass.MetaMethodIndex$Header::<init> (26 bytes)
Event: 180.222 Thread 0x00000114c33a2d40 nmethod 9523 0x00000114a8fe8b90 code [0x00000114a8fe8d40, 0x00000114a8fe9048]
Event: 180.223 Thread 0x00000114c33a2d40 9524       1       org.codehaus.groovy.runtime.metaclass.NewInstanceMetaMethod::getModifiers (2 bytes)
Event: 180.223 Thread 0x00000114c33a2d40 nmethod 9524 0x00000114aff5b790 code [0x00000114aff5b920, 0x00000114aff5b9f8]
Event: 180.231 Thread 0x00000114c33a2d40 9525       3       java.lang.Thread::getContextClassLoader (32 bytes)
Event: 180.232 Thread 0x00000114c33a2d40 nmethod 9525 0x00000114a8fe9190 code [0x00000114a8fe93e0, 0x00000114a8fe9d98]
Event: 180.240 Thread 0x00000114c33a2d40 9526       3       java.beans.PropertyDescriptor::<init> (302 bytes)
Event: 180.247 Thread 0x00000114c33a2d40 nmethod 9526 0x00000114a8fea090 code [0x00000114a8fea780, 0x00000114a8fef598]
Event: 180.248 Thread 0x00000114c33a2d40 9527       3       groovy.lang.MetaClassImpl$$Lambda$471/0x00000114c540ad50::apply (12 bytes)
Event: 180.249 Thread 0x00000114c33a2d40 nmethod 9527 0x00000114a8ff0910 code [0x00000114a8ff0b40, 0x00000114a8ff1218]
Event: 180.249 Thread 0x00000114c33a2d40 9528       3       groovy.lang.MetaClassImpl::lambda$getPropName$5 (27 bytes)
Event: 180.250 Thread 0x00000114c339e360 9530       4       java.util.LinkedList::<init> (10 bytes)
Event: 180.250 Thread 0x00000114c33a2d40 nmethod 9528 0x00000114a8ff1510 code [0x00000114a8ff1720, 0x00000114a8ff1c78]
Event: 180.250 Thread 0x00000114c33a2d40 9529       3       org.apache.groovy.util.BeanUtils::decapitalize (68 bytes)
Event: 180.250 Thread 0x00000114c339e360 nmethod 9530 0x00000114aff5ba90 code [0x00000114aff5bc00, 0x00000114aff5bc78]
Event: 180.252 Thread 0x00000114c33a2d40 nmethod 9529 0x00000114a8ff1f10 code [0x00000114a8ff2280, 0x00000114a8ff37a8]
Event: 180.325 Thread 0x00000114c33a2d40 9531       3       jdk.internal.org.objectweb.asm.ClassReader::readBootstrapMethodsAttribute (133 bytes)
Event: 180.326 Thread 0x00000114c33a2d40 nmethod 9531 0x00000114a8ff3f10 code [0x00000114a8ff4160, 0x00000114a8ff4948]

GC Heap History (20 events):
Event: 134.454 GC heap after
{Heap after GC invocations=50 (full 0):
 garbage-first heap   total 129024K, used 68387K [0x0000000700000000, 0x0000000800000000)
  region size 2048K, 2 young (4096K), 2 survivors (4096K)
 Metaspace       used 57961K, committed 58560K, reserved 1114112K
  class space    used 8222K, committed 8512K, reserved 1048576K
}
Event: 142.389 GC heap before
{Heap before GC invocations=51 (full 0):
 garbage-first heap   total 129024K, used 90915K [0x0000000700000000, 0x0000000800000000)
  region size 2048K, 13 young (26624K), 2 survivors (4096K)
 Metaspace       used 59369K, committed 59968K, reserved 1114112K
  class space    used 8396K, committed 8704K, reserved 1048576K
}
Event: 142.904 GC heap after
{Heap after GC invocations=52 (full 0):
 garbage-first heap   total 129024K, used 73943K [0x0000000700000000, 0x0000000800000000)
  region size 2048K, 2 young (4096K), 2 survivors (4096K)
 Metaspace       used 59369K, committed 59968K, reserved 1114112K
  class space    used 8396K, committed 8704K, reserved 1048576K
}
Event: 144.112 GC heap before
{Heap before GC invocations=52 (full 0):
 garbage-first heap   total 129024K, used 75991K [0x0000000700000000, 0x0000000800000000)
  region size 2048K, 3 young (6144K), 2 survivors (4096K)
 Metaspace       used 59561K, committed 60160K, reserved 1114112K
  class space    used 8416K, committed 8704K, reserved 1048576K
}
Event: 144.189 GC heap after
{Heap after GC invocations=53 (full 0):
 garbage-first heap   total 129024K, used 74674K [0x0000000700000000, 0x0000000800000000)
  region size 2048K, 1 young (2048K), 1 survivors (2048K)
 Metaspace       used 59561K, committed 60160K, reserved 1114112K
  class space    used 8416K, committed 8704K, reserved 1048576K
}
Event: 149.318 GC heap before
{Heap before GC invocations=54 (full 0):
 garbage-first heap   total 133120K, used 89010K [0x0000000700000000, 0x0000000800000000)
  region size 2048K, 8 young (16384K), 1 survivors (2048K)
 Metaspace       used 60640K, committed 61312K, reserved 1114112K
  class space    used 8551K, committed 8896K, reserved 1048576K
}
Event: 149.323 GC heap after
{Heap after GC invocations=55 (full 0):
 garbage-first heap   total 133120K, used 75010K [0x0000000700000000, 0x0000000800000000)
  region size 2048K, 1 young (2048K), 1 survivors (2048K)
 Metaspace       used 60640K, committed 61312K, reserved 1114112K
  class space    used 8551K, committed 8896K, reserved 1048576K
}
Event: 155.259 GC heap before
{Heap before GC invocations=55 (full 0):
 garbage-first heap   total 133120K, used 97538K [0x0000000700000000, 0x0000000800000000)
  region size 2048K, 13 young (26624K), 1 survivors (2048K)
 Metaspace       used 63143K, committed 63744K, reserved 1114112K
  class space    used 8784K, committed 9088K, reserved 1048576K
}
Event: 155.268 GC heap after
{Heap after GC invocations=56 (full 0):
 garbage-first heap   total 133120K, used 75449K [0x0000000700000000, 0x0000000800000000)
  region size 2048K, 1 young (2048K), 1 survivors (2048K)
 Metaspace       used 63143K, committed 63744K, reserved 1114112K
  class space    used 8784K, committed 9088K, reserved 1048576K
}
Event: 163.339 GC heap before
{Heap before GC invocations=57 (full 0):
 garbage-first heap   total 133120K, used 102073K [0x0000000700000000, 0x0000000800000000)
  region size 2048K, 14 young (28672K), 1 survivors (2048K)
 Metaspace       used 66077K, committed 66688K, reserved 1114112K
  class space    used 9114K, committed 9408K, reserved 1048576K
}
Event: 163.406 GC heap after
{Heap after GC invocations=58 (full 0):
 garbage-first heap   total 133120K, used 78242K [0x0000000700000000, 0x0000000800000000)
  region size 2048K, 2 young (4096K), 2 survivors (4096K)
 Metaspace       used 66077K, committed 66688K, reserved 1114112K
  class space    used 9114K, committed 9408K, reserved 1048576K
}
Event: 163.423 GC heap before
{Heap before GC invocations=58 (full 0):
 garbage-first heap   total 133120K, used 80290K [0x0000000700000000, 0x0000000800000000)
  region size 2048K, 3 young (6144K), 2 survivors (4096K)
 Metaspace       used 66077K, committed 66688K, reserved 1114112K
  class space    used 9114K, committed 9408K, reserved 1048576K
}
Event: 163.655 GC heap after
{Heap after GC invocations=59 (full 0):
 garbage-first heap   total 133120K, used 78668K [0x0000000700000000, 0x0000000800000000)
  region size 2048K, 1 young (2048K), 1 survivors (2048K)
 Metaspace       used 66077K, committed 66688K, reserved 1114112K
  class space    used 9114K, committed 9408K, reserved 1048576K
}
Event: 167.017 GC heap before
{Heap before GC invocations=59 (full 0):
 garbage-first heap   total 133120K, used 101196K [0x0000000700000000, 0x0000000800000000)
  region size 2048K, 13 young (26624K), 1 survivors (2048K)
 Metaspace       used 67109K, committed 67776K, reserved 1114112K
  class space    used 9262K, committed 9600K, reserved 1048576K
}
Event: 167.038 GC heap after
{Heap after GC invocations=60 (full 0):
 garbage-first heap   total 133120K, used 82529K [0x0000000700000000, 0x0000000800000000)
  region size 2048K, 2 young (4096K), 2 survivors (4096K)
 Metaspace       used 67109K, committed 67776K, reserved 1114112K
  class space    used 9262K, committed 9600K, reserved 1048576K
}
Event: 171.970 GC heap before
{Heap before GC invocations=61 (full 0):
 garbage-first heap   total 143360K, used 105057K [0x0000000700000000, 0x0000000800000000)
  region size 2048K, 13 young (26624K), 2 survivors (4096K)
 Metaspace       used 68665K, committed 69312K, reserved 1114112K
  class space    used 9466K, committed 9792K, reserved 1048576K
}
Event: 172.190 GC heap after
{Heap after GC invocations=62 (full 0):
 garbage-first heap   total 143360K, used 82182K [0x0000000700000000, 0x0000000800000000)
  region size 2048K, 1 young (2048K), 1 survivors (2048K)
 Metaspace       used 68665K, committed 69312K, reserved 1114112K
  class space    used 9466K, committed 9792K, reserved 1048576K
}
Event: 173.348 GC heap before
{Heap before GC invocations=62 (full 0):
 garbage-first heap   total 143360K, used 86278K [0x0000000700000000, 0x0000000800000000)
  region size 2048K, 3 young (6144K), 1 survivors (2048K)
 Metaspace       used 68916K, committed 69632K, reserved 1114112K
  class space    used 9501K, committed 9856K, reserved 1048576K
}
Event: 173.432 GC heap after
{Heap after GC invocations=63 (full 0):
 garbage-first heap   total 143360K, used 81649K [0x0000000700000000, 0x0000000800000000)
  region size 2048K, 1 young (2048K), 1 survivors (2048K)
 Metaspace       used 68916K, committed 69632K, reserved 1114112K
  class space    used 9501K, committed 9856K, reserved 1048576K
}
Event: 180.339 GC heap before
{Heap before GC invocations=63 (full 0):
 garbage-first heap   total 143360K, used 114417K [0x0000000700000000, 0x0000000800000000)
  region size 2048K, 15 young (30720K), 1 survivors (2048K)
 Metaspace       used 71627K, committed 72320K, reserved 1114112K
  class space    used 9872K, committed 10240K, reserved 1048576K
}

Dll operation events (15 events):
Event: 0.187 Loaded shared library D:\Java\jdk-17.0.19+10\bin\java.dll
Event: 0.328 Loaded shared library D:\Java\jdk-17.0.19+10\bin\jsvml.dll
Event: 0.729 Loaded shared library D:\Java\jdk-17.0.19+10\bin\zip.dll
Event: 0.771 Loaded shared library D:\Java\jdk-17.0.19+10\bin\instrument.dll
Event: 0.902 Loaded shared library D:\Java\jdk-17.0.19+10\bin\net.dll
Event: 1.043 Loaded shared library D:\Java\jdk-17.0.19+10\bin\nio.dll
Event: 1.162 Loaded shared library D:\Java\jdk-17.0.19+10\bin\zip.dll
Event: 2.288 Loaded shared library D:\Java\jdk-17.0.19+10\bin\jimage.dll
Event: 2.874 Loaded shared library D:\Java\jdk-17.0.19+10\bin\verify.dll
Event: 5.215 Loaded shared library D:\.gradle\native\c067742578af261105cb4f569cf0c3c89f3d7b1fecec35dd04571415982c5e48\windows-amd64\native-platform.dll
Event: 5.297 Loaded shared library D:\.gradle\native\38dada09dfb8b06ba9b0570ebf7e218e3eb74d4ef43ca46872605cf95ebc2f47\windows-amd64\native-platform-file-events.dll
Event: 12.796 Loaded shared library D:\Java\jdk-17.0.19+10\bin\management.dll
Event: 12.805 Loaded shared library D:\Java\jdk-17.0.19+10\bin\management_ext.dll
Event: 14.390 Loaded shared library D:\Java\jdk-17.0.19+10\bin\extnet.dll
Event: 16.007 Loaded shared library D:\Java\jdk-17.0.19+10\bin\sunmscapi.dll

Deoptimization events (20 events):
Event: 177.490 Thread 0x000001150a14c150 Uncommon trap: trap_request=0xffffff76 fr.pc=0x00000114afc83968 relative=0x00000000000001a8
Event: 177.490 Thread 0x000001150a14c150 Uncommon trap: reason=predicate action=maybe_recompile pc=0x00000114afc83968 method=java.util.Arrays.binarySearch0([Ljava/lang/Object;IILjava/lang/Object;Ljava/util/Comparator;)I @ 25 c2
Event: 177.490 Thread 0x000001150a14c150 DEOPT PACKING pc=0x00000114afc83968 sp=0x00000006d1df2c00
Event: 177.490 Thread 0x000001150a14c150 DEOPT UNPACKING pc=0x00000114af4c69a3 sp=0x00000006d1df2b90 mode 2
Event: 177.512 Thread 0x000001150a14c150 Uncommon trap: trap_request=0xffffffc6 fr.pc=0x00000114afd93390 relative=0x00000000000005f0
Event: 177.512 Thread 0x000001150a14c150 Uncommon trap: reason=bimorphic_or_optimized_type_check action=maybe_recompile pc=0x00000114afd93390 method=java.util.Collections$UnmodifiableCollection.contains(Ljava/lang/Object;)Z @ 5 c2
Event: 177.513 Thread 0x000001150a14c150 DEOPT PACKING pc=0x00000114afd93390 sp=0x00000006d1df26b0
Event: 177.513 Thread 0x000001150a14c150 DEOPT UNPACKING pc=0x00000114af4c69a3 sp=0x00000006d1df2658 mode 2
Event: 177.513 Thread 0x000001150a14c150 Uncommon trap: trap_request=0xffffffc6 fr.pc=0x00000114afd93390 relative=0x00000000000005f0
Event: 177.513 Thread 0x000001150a14c150 Uncommon trap: reason=bimorphic_or_optimized_type_check action=maybe_recompile pc=0x00000114afd93390 method=java.util.Collections$UnmodifiableCollection.contains(Ljava/lang/Object;)Z @ 5 c2
Event: 177.513 Thread 0x000001150a14c150 DEOPT PACKING pc=0x00000114afd93390 sp=0x00000006d1df26b0
Event: 177.513 Thread 0x000001150a14c150 DEOPT UNPACKING pc=0x00000114af4c69a3 sp=0x00000006d1df2658 mode 2
Event: 177.513 Thread 0x000001150a14c150 Uncommon trap: trap_request=0xffffffc6 fr.pc=0x00000114afd93390 relative=0x00000000000005f0
Event: 177.514 Thread 0x000001150a14c150 Uncommon trap: reason=bimorphic_or_optimized_type_check action=maybe_recompile pc=0x00000114afd93390 method=java.util.Collections$UnmodifiableCollection.contains(Ljava/lang/Object;)Z @ 5 c2
Event: 177.514 Thread 0x000001150a14c150 DEOPT PACKING pc=0x00000114afd93390 sp=0x00000006d1df26b0
Event: 177.514 Thread 0x000001150a14c150 DEOPT UNPACKING pc=0x00000114af4c69a3 sp=0x00000006d1df2658 mode 2
Event: 177.886 Thread 0x000001150a14c150 Uncommon trap: trap_request=0xffffff45 fr.pc=0x00000114aff074a8 relative=0x00000000000000e8
Event: 177.886 Thread 0x000001150a14c150 Uncommon trap: reason=unstable_if action=reinterpret pc=0x00000114aff074a8 method=sun.reflect.generics.parser.SignatureParser.parseTypeSignature()Lsun/reflect/generics/tree/TypeSignature; @ 4 c2
Event: 177.886 Thread 0x000001150a14c150 DEOPT PACKING pc=0x00000114aff074a8 sp=0x00000006d1df2c70
Event: 177.886 Thread 0x000001150a14c150 DEOPT UNPACKING pc=0x00000114af4c69a3 sp=0x00000006d1df2c08 mode 2

Classes loaded (20 events):
Event: 177.916 Loading class javax/management/ListenerNotFoundException
Event: 177.916 Loading class javax/management/OperationsException
Event: 177.916 Loading class javax/management/JMException
Event: 177.916 Loading class javax/management/JMException done
Event: 177.916 Loading class javax/management/OperationsException done
Event: 177.916 Loading class javax/management/ListenerNotFoundException done
Event: 177.916 Loading class jdk/jfr/Recording
Event: 177.921 Loading class jdk/jfr/Recording done
Event: 177.922 Loading class jdk/jfr/FlightRecorder
Event: 177.923 Loading class jdk/jfr/FlightRecorder done
Event: 177.923 Loading class jdk/management/jfr/FlightRecorderMXBeanImpl$MXBeanListener
Event: 177.923 Loading class jdk/jfr/FlightRecorderListener
Event: 177.923 Loading class jdk/jfr/FlightRecorderListener done
Event: 177.923 Loading class jdk/management/jfr/FlightRecorderMXBeanImpl$MXBeanListener done
Event: 177.972 Loading class java/time/format/DateTimeFormatterBuilder$WeekBasedFieldPrinterParser
Event: 177.976 Loading class java/time/format/DateTimeFormatterBuilder$WeekBasedFieldPrinterParser done
Event: 178.066 Loading class com/sun/jmx/mbeanserver/StandardMBeanSupport
Event: 178.067 Loading class com/sun/jmx/mbeanserver/StandardMBeanSupport done
Event: 178.067 Loading class com/sun/jmx/mbeanserver/StandardMBeanIntrospector
Event: 178.072 Loading class com/sun/jmx/mbeanserver/StandardMBeanIntrospector done

Classes unloaded (0 events):
No events

Classes redefined (0 events):
No events

Internal exceptions (20 events):
Event: 132.219 Thread 0x000001150a14c150 Exception <a 'java/lang/ClassNotFoundException'{0x0000000707bff130}: org/gradle/api/internal/artifacts/dsl/dependencies/DefaultDependencyHandlerBeanInfo> (0x0000000707bff130) 
thrown [s\src\hotspot\share\classfile\systemDictionary.cpp, line 256]
Event: 132.222 Thread 0x000001150a14c150 Exception <a 'java/lang/ClassNotFoundException'{0x00000007078186a0}: org/gradle/api/internal/artifacts/dsl/dependencies/DefaultDependencyHandlerCustomizer> (0x00000007078186a0) 
thrown [s\src\hotspot\share\classfile\systemDictionary.cpp, line 256]
Event: 132.250 Thread 0x000001150a14c150 Exception <a 'java/lang/ClassNotFoundException'{0x0000000707874450}: org/gradle/api/internal/artifacts/dsl/dependencies/DefaultDependencyHandler_DecoratedCustomizer> (0x0000000707874450) 
thrown [s\src\hotspot\share\classfile\systemDictionary.cpp, line 256]
Event: 133.149 Thread 0x000001150a14c150 Exception <a 'java/lang/ClassNotFoundException'{0x00000007073a9a10}: build_b45dgpwzz6k6jd0t1wgl8f6zlBeanInfo> (0x00000007073a9a10) 
thrown [s\src\hotspot\share\classfile\systemDictionary.cpp, line 256]
Event: 133.150 Thread 0x000001150a14c150 Exception <a 'java/lang/ClassNotFoundException'{0x00000007073b03c0}: build_b45dgpwzz6k6jd0t1wgl8f6zlCustomizer> (0x00000007073b03c0) 
thrown [s\src\hotspot\share\classfile\systemDictionary.cpp, line 256]
Event: 134.105 Thread 0x000001150a14c150 Exception <a 'java/lang/ClassNotFoundException'{0x0000000706d59cb8}: build_dwg3ziou7g29hjzgaqis4naakBeanInfo> (0x0000000706d59cb8) 
thrown [s\src\hotspot\share\classfile\systemDictionary.cpp, line 256]
Event: 134.108 Thread 0x000001150a14c150 Exception <a 'java/lang/ClassNotFoundException'{0x0000000706d682e0}: build_dwg3ziou7g29hjzgaqis4naakCustomizer> (0x0000000706d682e0) 
thrown [s\src\hotspot\share\classfile\systemDictionary.cpp, line 256]
Event: 157.936 Thread 0x000001150a14c150 Exception <a 'sun/nio/fs/WindowsException'{0x000000070745e248}> (0x000000070745e248) 
thrown [s\src\hotspot\share\prims\jni.cpp, line 516]
Event: 161.973 Thread 0x000001150a14c150 Implicit null exception at 0x00000114afc049ac to 0x00000114afc04ae2
Event: 164.814 Thread 0x000001150a14c150 Exception <a 'sun/nio/fs/WindowsException'{0x000000070775ea10}> (0x000000070775ea10) 
thrown [s\src\hotspot\share\prims\jni.cpp, line 516]
Event: 175.690 Thread 0x000001150a14c150 Implicit null exception at 0x00000114afb43be9 to 0x00000114afb43cbc
Event: 177.423 Thread 0x000001150a14c150 Exception <a 'java/lang/IncompatibleClassChangeError'{0x0000000707860af0}: Found class java.lang.Object, but interface was expected> (0x0000000707860af0) 
thrown [s\src\hotspot\share\interpreter\linkResolver.cpp, line 826]
Event: 180.172 Thread 0x000001150a14c150 Exception <a 'java/lang/ClassNotFoundException'{0x00000007071a2b60}: org/gradle/api/internal/plugins/NaggingBasePluginConventionBeanInfo> (0x00000007071a2b60) 
thrown [s\src\hotspot\share\classfile\systemDictionary.cpp, line 256]
Event: 180.176 Thread 0x000001150a14c150 Exception <a 'java/lang/ClassNotFoundException'{0x00000007071c1d70}: org/gradle/api/plugins/BasePluginConventionBeanInfo> (0x00000007071c1d70) 
thrown [s\src\hotspot\share\classfile\systemDictionary.cpp, line 256]
Event: 180.180 Thread 0x000001150a14c150 Exception <a 'java/lang/ClassNotFoundException'{0x00000007071e1538}: org/gradle/api/plugins/BasePluginConventionCustomizer> (0x00000007071e1538) 
thrown [s\src\hotspot\share\classfile\systemDictionary.cpp, line 256]
Event: 180.208 Thread 0x000001150a14c150 Exception <a 'java/lang/ClassNotFoundException'{0x0000000706e0b770}: org/gradle/api/internal/plugins/NaggingBasePluginConventionCustomizer> (0x0000000706e0b770) 
thrown [s\src\hotspot\share\classfile\systemDictionary.cpp, line 256]
Event: 180.226 Thread 0x000001150a14c150 Exception <a 'java/lang/ClassNotFoundException'{0x0000000706e5e718}: org/gradle/api/plugins/internal/NaggingJavaPluginConventionBeanInfo> (0x0000000706e5e718) 
thrown [s\src\hotspot\share\classfile\systemDictionary.cpp, line 256]
Event: 180.230 Thread 0x000001150a14c150 Exception <a 'java/lang/ClassNotFoundException'{0x0000000706e7d930}: org/gradle/api/plugins/JavaPluginConventionBeanInfo> (0x0000000706e7d930) 
thrown [s\src\hotspot\share\classfile\systemDictionary.cpp, line 256]
Event: 180.239 Thread 0x000001150a14c150 Exception <a 'java/lang/ClassNotFoundException'{0x0000000706e9d068}: org/gradle/api/plugins/JavaPluginConventionCustomizer> (0x0000000706e9d068) 
thrown [s\src\hotspot\share\classfile\systemDictionary.cpp, line 256]
Event: 180.246 Thread 0x000001150a14c150 Exception <a 'java/lang/ClassNotFoundException'{0x0000000706ed0a48}: org/gradle/api/plugins/internal/NaggingJavaPluginConventionCustomizer> (0x0000000706ed0a48) 
thrown [s\src\hotspot\share\classfile\systemDictionary.cpp, line 256]

VM Operations (20 events):
Event: 171.489 Executing VM operation: Cleanup done
Event: 171.957 Executing VM operation: G1CollectForAllocation
Event: 172.190 Executing VM operation: G1CollectForAllocation done
Event: 173.191 Executing VM operation: Cleanup
Event: 173.191 Executing VM operation: Cleanup done
Event: 173.348 Executing VM operation: G1CollectForAllocation
Event: 173.432 Executing VM operation: G1CollectForAllocation done
Event: 174.447 Executing VM operation: Cleanup
Event: 174.447 Executing VM operation: Cleanup done
Event: 175.454 Executing VM operation: Cleanup
Event: 175.469 Executing VM operation: Cleanup done
Event: 176.475 Executing VM operation: Cleanup
Event: 176.475 Executing VM operation: Cleanup done
Event: 177.105 Executing VM operation: HandshakeAllThreads
Event: 177.105 Executing VM operation: HandshakeAllThreads done
Event: 178.121 Executing VM operation: Cleanup
Event: 178.121 Executing VM operation: Cleanup done
Event: 179.127 Executing VM operation: Cleanup
Event: 179.547 Executing VM operation: Cleanup done
Event: 180.339 Executing VM operation: G1CollectForAllocation

Memory protections (0 events):
No events

Nmethod flushes (20 events):
Event: 75.875 Thread 0x00000114c33e6ce0 flushing  nmethod 0x00000114a8700b90
Event: 75.875 Thread 0x00000114c33e6ce0 flushing  nmethod 0x00000114a8701990
Event: 75.875 Thread 0x00000114c33e6ce0 flushing  nmethod 0x00000114a8702690
Event: 75.875 Thread 0x00000114c33e6ce0 flushing  nmethod 0x00000114a8702b90
Event: 75.875 Thread 0x00000114c33e6ce0 flushing  nmethod 0x00000114a8703910
Event: 75.875 Thread 0x00000114c33e6ce0 flushing  nmethod 0x00000114a870c090
Event: 75.875 Thread 0x00000114c33e6ce0 flushing  nmethod 0x00000114a870c610
Event: 75.875 Thread 0x00000114c33e6ce0 flushing  nmethod 0x00000114a8737e90
Event: 75.876 Thread 0x00000114c33e6ce0 flushing  nmethod 0x00000114a878c490
Event: 75.876 Thread 0x00000114c33e6ce0 flushing  nmethod 0x00000114a8811810
Event: 75.876 Thread 0x00000114c33e6ce0 flushing  nmethod 0x00000114a882ea10
Event: 75.877 Thread 0x00000114c33e6ce0 flushing  nmethod 0x00000114a88b0490
Event: 75.877 Thread 0x00000114c33e6ce0 flushing  nmethod 0x00000114a88bd190
Event: 75.877 Thread 0x00000114c33e6ce0 flushing  nmethod 0x00000114a88bdd90
Event: 75.877 Thread 0x00000114c33e6ce0 flushing  nmethod 0x00000114a88beb90
Event: 75.877 Thread 0x00000114c33e6ce0 flushing  nmethod 0x00000114a88bf090
Event: 75.877 Thread 0x00000114c33e6ce0 flushing  nmethod 0x00000114a88bf810
Event: 75.877 Thread 0x00000114c33e6ce0 flushing  nmethod 0x00000114a88bfd10
Event: 128.463 Thread 0x00000114c33e6ce0 flushing  nmethod 0x00000114a81f1190
Event: 128.470 Thread 0x00000114c33e6ce0 flushing  nmethod 0x00000114a8838690

Events (20 events):
Event: 111.108 Thread 0x0000011509746ab0 Thread added: 0x000001150974cff0
Event: 111.108 Thread 0x0000011509746ab0 Thread added: 0x000001150974cae0
Event: 111.108 Thread 0x0000011509746ab0 Thread added: 0x000001150974a260
Event: 111.370 Thread 0x000001150a14c660 Thread added: 0x000001150974df20
Event: 119.832 Thread 0x000001150a14c150 Thread added: 0x0000011509748e20
Event: 119.832 Thread 0x000001150a14c150 Thread added: 0x000001150974b190
Event: 119.832 Thread 0x000001150a14c150 Thread added: 0x000001150974b6a0
Event: 122.315 Thread 0x000001150a14c150 Thread added: 0x0000011509746fc0
Event: 122.319 Thread 0x000001150a14c150 Thread added: 0x00000115097474d0
Event: 122.323 Thread 0x000001150a14c150 Thread added: 0x0000011509749330
Event: 129.590 Thread 0x000001150a14c150 Thread added: 0x000001150c274ad0
Event: 129.672 Thread 0x000001150a14c150 Thread added: 0x000001150c273ba0
Event: 130.188 Thread 0x000001150a14c150 Thread added: 0x000001150c271d40
Event: 131.274 Thread 0x000001150a14c150 Thread added: 0x000001150c270e10
Event: 132.707 Thread 0x000001150a14c150 Thread added: 0x000001150c272760
Event: 132.708 Thread 0x000001150a14c150 Thread added: 0x000001150c276420
Event: 132.832 Thread 0x000001150a14c150 Thread added: 0x000001150c277d70
Event: 132.853 Thread 0x000001150a14c150 Thread added: 0x000001150c272c70
Event: 172.461 Thread 0x0000011509746ab0 Thread exited: 0x0000011509746ab0
Event: 178.276 Thread 0x000001150a14c150 Thread added: 0x000001150c276e40


Dynamic libraries:
0x00007ff61ed50000 - 0x00007ff61ed5e000 	D:\Java\jdk-17.0.19+10\bin\java.exe
0x00007ff99ac50000 - 0x00007ff99ae67000 	C:\Windows\SYSTEM32\ntdll.dll
0x00007ff998e90000 - 0x00007ff998f54000 	C:\Windows\System32\KERNEL32.DLL
0x00007ff998300000 - 0x00007ff9986b7000 	C:\Windows\System32\KERNELBASE.dll
0x00007ff998080000 - 0x00007ff998191000 	C:\Windows\System32\ucrtbase.dll
0x00007ff9767a0000 - 0x00007ff9767b8000 	D:\Java\jdk-17.0.19+10\bin\jli.dll
0x00007ff975470000 - 0x00007ff97548e000 	D:\Java\jdk-17.0.19+10\bin\VCRUNTIME140.dll
0x00007ff99a2b0000 - 0x00007ff99a45f000 	C:\Windows\System32\USER32.dll
0x00007ff9981a0000 - 0x00007ff9981c6000 	C:\Windows\System32\win32u.dll
0x00007ff99aa20000 - 0x00007ff99aa49000 	C:\Windows\System32\GDI32.dll
0x00007ff997f60000 - 0x00007ff998078000 	C:\Windows\System32\gdi32full.dll
0x00007ff9986f0000 - 0x00007ff99878a000 	C:\Windows\System32\msvcp_win.dll
0x00007ff97ea20000 - 0x00007ff97ecb3000 	C:\Windows\WinSxS\amd64_microsoft.windows.common-controls_6595b64144ccf1df_6.0.22621.3672_none_2713b9d173822955\COMCTL32.dll
0x00007ff99a100000 - 0x00007ff99a1a7000 	C:\Windows\System32\msvcrt.dll
0x00007ff998e50000 - 0x00007ff998e81000 	C:\Windows\System32\IMM32.DLL
0x00007ff995d40000 - 0x00007ff995d4c000 	D:\Java\jdk-17.0.19+10\bin\vcruntime140_1.dll
0x00007ff92b970000 - 0x00007ff92b9fd000 	D:\Java\jdk-17.0.19+10\bin\msvcp140.dll
0x00007ff8f1af0000 - 0x00007ff8f275c000 	D:\Java\jdk-17.0.19+10\bin\server\jvm.dll
0x00007ff999010000 - 0x00007ff9990c2000 	C:\Windows\System32\ADVAPI32.dll
0x00007ff99a200000 - 0x00007ff99a2a8000 	C:\Windows\System32\sechost.dll
0x00007ff9986c0000 - 0x00007ff9986e8000 	C:\Windows\System32\bcrypt.dll
0x00007ff99a7f0000 - 0x00007ff99a904000 	C:\Windows\System32\RPCRT4.dll
0x00007ff99a050000 - 0x00007ff99a0c1000 	C:\Windows\System32\WS2_32.dll
0x00007ff997e30000 - 0x00007ff997e7d000 	C:\Windows\SYSTEM32\POWRPROF.dll
0x00007ff98d4a0000 - 0x00007ff98d4d4000 	C:\Windows\SYSTEM32\WINMM.dll
0x00007ff98c6c0000 - 0x00007ff98c6ca000 	C:\Windows\SYSTEM32\VERSION.dll
0x00007ff997c60000 - 0x00007ff997c73000 	C:\Windows\SYSTEM32\UMPDC.dll
0x00007ff996fb0000 - 0x00007ff996fc8000 	C:\Windows\SYSTEM32\kernel.appcore.dll
0x00007ff993340000 - 0x00007ff99334a000 	D:\Java\jdk-17.0.19+10\bin\jimage.dll
0x00007ff994980000 - 0x00007ff994bb2000 	C:\Windows\SYSTEM32\DBGHELP.DLL
0x00007ff99a460000 - 0x00007ff99a7ee000 	C:\Windows\System32\combase.dll
0x00007ff99aa50000 - 0x00007ff99ab27000 	C:\Windows\System32\OLEAUT32.dll
0x00007ff9726c0000 - 0x00007ff9726f2000 	C:\Windows\SYSTEM32\dbgcore.DLL
0x00007ff998790000 - 0x00007ff99880b000 	C:\Windows\System32\bcryptPrimitives.dll
0x00007ff98de90000 - 0x00007ff98de9e000 	D:\Java\jdk-17.0.19+10\bin\instrument.dll
0x00007ff931260000 - 0x00007ff931285000 	D:\Java\jdk-17.0.19+10\bin\java.dll
0x00007ff92b890000 - 0x00007ff92b967000 	D:\Java\jdk-17.0.19+10\bin\jsvml.dll
0x00007ff9990d0000 - 0x00007ff999939000 	C:\Windows\System32\SHELL32.dll
0x00007ff995ed0000 - 0x00007ff9967cf000 	C:\Windows\SYSTEM32\windows.storage.dll
0x00007ff995d90000 - 0x00007ff995ecf000 	C:\Windows\SYSTEM32\wintypes.dll
0x00007ff99a920000 - 0x00007ff99aa19000 	C:\Windows\System32\SHCORE.dll
0x00007ff998b30000 - 0x00007ff998b8e000 	C:\Windows\System32\shlwapi.dll
0x00007ff997e90000 - 0x00007ff997eb7000 	C:\Windows\SYSTEM32\profapi.dll
0x00007ff9456a0000 - 0x00007ff9456b8000 	D:\Java\jdk-17.0.19+10\bin\zip.dll
0x00007ff952b60000 - 0x00007ff952b7a000 	D:\Java\jdk-17.0.19+10\bin\net.dll
0x00007ff98cf30000 - 0x00007ff98d066000 	C:\Windows\SYSTEM32\WINHTTP.dll
0x00007ff997420000 - 0x00007ff997489000 	C:\Windows\system32\mswsock.dll
0x00007ff945ca0000 - 0x00007ff945cb6000 	D:\Java\jdk-17.0.19+10\bin\nio.dll
0x00007ff98e180000 - 0x00007ff98e190000 	D:\Java\jdk-17.0.19+10\bin\verify.dll
0x00007ff930db0000 - 0x00007ff930dd7000 	D:\.gradle\native\c067742578af261105cb4f569cf0c3c89f3d7b1fecec35dd04571415982c5e48\windows-amd64\native-platform.dll
0x00007ff948bb0000 - 0x00007ff948cf4000 	D:\.gradle\native\38dada09dfb8b06ba9b0570ebf7e218e3eb74d4ef43ca46872605cf95ebc2f47\windows-amd64\native-platform-file-events.dll
0x00007ff98e150000 - 0x00007ff98e15a000 	D:\Java\jdk-17.0.19+10\bin\management.dll
0x00007ff9754a0000 - 0x00007ff9754ac000 	D:\Java\jdk-17.0.19+10\bin\management_ext.dll
0x00007ff99a0e0000 - 0x00007ff99a0e8000 	C:\Windows\System32\PSAPI.DLL
0x00007ff997670000 - 0x00007ff99768b000 	C:\Windows\SYSTEM32\CRYPTSP.dll
0x00007ff996f10000 - 0x00007ff996f45000 	C:\Windows\system32\rsaenh.dll
0x00007ff997510000 - 0x00007ff997538000 	C:\Windows\SYSTEM32\USERENV.dll
0x00007ff997690000 - 0x00007ff99769c000 	C:\Windows\SYSTEM32\CRYPTBASE.dll
0x00007ff996a70000 - 0x00007ff996a9d000 	C:\Windows\SYSTEM32\IPHLPAPI.DLL
0x00007ff99a0d0000 - 0x00007ff99a0d9000 	C:\Windows\System32\NSI.dll
0x00007ff98cee0000 - 0x00007ff98cef9000 	C:\Windows\SYSTEM32\dhcpcsvc6.DLL
0x00007ff98cec0000 - 0x00007ff98cedf000 	C:\Windows\SYSTEM32\dhcpcsvc.DLL
0x00007ff996af0000 - 0x00007ff996bf2000 	C:\Windows\SYSTEM32\DNSAPI.dll
0x00007ff98dea0000 - 0x00007ff98dea9000 	D:\Java\jdk-17.0.19+10\bin\extnet.dll
0x00007ff975460000 - 0x00007ff97546e000 	D:\Java\jdk-17.0.19+10\bin\sunmscapi.dll
0x00007ff998810000 - 0x00007ff998976000 	C:\Windows\System32\CRYPT32.dll
0x00007ff997830000 - 0x00007ff99785d000 	C:\Windows\SYSTEM32\ncrypt.dll
0x00007ff9977f0000 - 0x00007ff997827000 	C:\Windows\SYSTEM32\NTASN1.dll
0x00007ff930be0000 - 0x00007ff930be8000 	C:\Windows\system32\wshunix.dll

dbghelp: loaded successfully - version: 4.0.5 - missing functions: none
symbol engine: initialized successfully - sym options: 0x614 - pdb path: .;D:\Java\jdk-17.0.19+10\bin;C:\Windows\SYSTEM32;C:\Windows\WinSxS\amd64_microsoft.windows.common-controls_6595b64144ccf1df_6.0.22621.3672_none_2713b9d173822955;D:\Java\jdk-17.0.19+10\bin\server;D:\.gradle\native\c067742578af261105cb4f569cf0c3c89f3d7b1fecec35dd04571415982c5e48\windows-amd64;D:\.gradle\native\38dada09dfb8b06ba9b0570ebf7e218e3eb74d4ef43ca46872605cf95ebc2f47\windows-amd64

VM Arguments:
jvm_args: -XX:MaxMetaspaceSize=2G -XX:+HeapDumpOnOutOfMemoryError --add-opens=java.base/java.util=ALL-UNNAMED --add-opens=java.base/java.lang=ALL-UNNAMED --add-opens=java.base/java.lang.invoke=ALL-UNNAMED --add-opens=java.prefs/java.util.prefs=ALL-UNNAMED --add-opens=java.base/java.nio.charset=ALL-UNNAMED --add-opens=java.base/java.net=ALL-UNNAMED --add-opens=java.base/java.util.concurrent.atomic=ALL-UNNAMED -Xmx4G -Dfile.encoding=windows-1252 -Duser.country=US -Duser.language=en -Duser.variant -javaagent:D:\.gradle\wrapper\dists\gradle-8.7-bin\bhs2wmbdwecv87pi65oeuq5iu\gradle-8.7\lib\agents\gradle-instrumentation-agent-8.7.jar 
java_command: org.gradle.launcher.daemon.bootstrap.GradleDaemon 8.7
java_class_path (initial): D:\.gradle\wrapper\dists\gradle-8.7-bin\bhs2wmbdwecv87pi65oeuq5iu\gradle-8.7\lib\gradle-launcher-8.7.jar
Launcher Type: SUN_STANDARD

[Global flags]
     intx CICompilerCount                          = 3                                         {product} {ergonomic}
     uint ConcGCThreads                            = 1                                         {product} {ergonomic}
     uint G1ConcRefinementThreads                  = 4                                         {product} {ergonomic}
   size_t G1HeapRegionSize                         = 2097152                                   {product} {ergonomic}
    uintx GCDrainStackTargetSize                   = 64                                        {product} {ergonomic}
     bool HeapDumpOnOutOfMemoryError               = true                                   {manageable} {command line}
   size_t InitialHeapSize                          = 67108864                                  {product} {ergonomic}
   size_t MarkStackSize                            = 4194304                                   {product} {ergonomic}
   size_t MaxHeapSize                              = 4294967296                                {product} {command line}
   size_t MaxMetaspaceSize                         = 2147483648                                {product} {command line}
   size_t MaxNewSize                               = 2575302656                                {product} {ergonomic}
   size_t MinHeapDeltaBytes                        = 2097152                                   {product} {ergonomic}
   size_t MinHeapSize                              = 8388608                                   {product} {ergonomic}
    uintx NonNMethodCodeHeapSize                   = 5832780                                {pd product} {ergonomic}
    uintx NonProfiledCodeHeapSize                  = 122912730                              {pd product} {ergonomic}
    uintx ProfiledCodeHeapSize                     = 122912730                              {pd product} {ergonomic}
    uintx ReservedCodeCacheSize                    = 251658240                              {pd product} {ergonomic}
     bool SegmentedCodeCache                       = true                                      {product} {ergonomic}
   size_t SoftMaxHeapSize                          = 4294967296                             {manageable} {ergonomic}
     bool UseCompressedClassPointers               = true                           {product lp64_product} {ergonomic}
     bool UseCompressedOops                        = true                           {product lp64_product} {ergonomic}
     bool UseG1GC                                  = true                                      {product} {ergonomic}
     bool UseLargePagesIndividualAllocation        = false                                  {pd product} {ergonomic}

Logging:
Log output configuration:
 #0: stdout all=warning uptime,level,tags
 #1: stderr all=off uptime,level,tags

Environment Variables:
JAVA_HOME=D:\Java\jdk-17.0.19+10
CLASSPATH=D:\biashara_os\android\\gradle\wrapper\gradle-wrapper.jar
PATH=D:\Java\jdk-17.0.19+10\bin;D:\Flutter\bin;D:\Java\jdk-17.0.19+10;C:\Python314\Scripts\;C:\Python314\;C:\Program Files\Rockwell Software\RSCommon;C:\Windows\system32;C:\Windows;C:\Windows\System32\Wbem;C:\Windows\System32\WindowsPowerShell\v1.0\;C:\Windows\System32\OpenSSH\;C:\Program Files\dotnet\;C:\Program Files\Common Files\Autodesk Shared\;C:\Program Files\Microsoft SQL Server\150\Tools\Binn\;C:\Program Files\IBM\SPSS\Statistics\25\JRE\bin;C:\Program Files\Radiance\bin;C:\ProgramData\DIAL+\Radiance\bin;C:\Program Files\nodejs\;C:\ProgramData\chocolatey\bin;C:\Program Files\Git\cmd;D:\AndroidSdk\platform-tools;D:\AndroidSdk\cmdline-tools\latest\bin;D:\Flutter\bin;D:\Java\jdk-17.0.19+10;C:\Python314\Scripts\;C:\Python314\;C:\Program Files\Rockwell Software\RSCommon;C:\Windows\system32;C:\Windows;C:\Windows\System32\Wbem;C:\Windows\System32\WindowsPowerShell\v1.0\;C:\Windows\System32\OpenSSH\;C:\Program Files\dotnet\;C:\Program Files\Common Files\Autodesk Shared\;C:\Program Files\Microsoft SQL Server\150\Tools\Binn\;C:\Program Files\IBM\SPSS\Statistics\25\JRE\bin;C:\Program Files\Radiance\bin;C:\ProgramData\DIAL+\Radiance\bin;C:\Program Files\nodejs\;C:\ProgramData\chocolatey\bin;C:\Program Files\Git\cmd;D:\AndroidSdk\platform-tools;D:\AndroidSdk\cmdline-tools\latest\bin;D:\bin;C:\Python314\Scripts\;C:\Python314\;C:\Program Files\Rockwell Software\RSCommon;C:\Windows\system32;C:\Windows;C:\Windows\System32\Wbem;C:\Windows\System32\WindowsPowerShell\v1.0\;C:\Windows\System32\OpenSSH\;C:\Program Files\dotnet\;C:\Program Files\Common Files\Autodesk Shared\;C:\Program Files\Microsoft SQL Server\150\Tools\Binn\;C:\Program Files\IBM\SPSS\Statistics\25\JRE\bin;C;C:\Users\maure\AppData\Local\Programs\Microsoft VS Code\bin;D:\flutter\bin\mingit\cmd
USERNAME=maure
OS=Windows_NT
PROCESSOR_IDENTIFIER=Intel64 Family 6 Model 78 Stepping 3, GenuineIntel
TMP=D:\Temp
TEMP=D:\Temp



Periodic native trim disabled


---------------  S Y S T E M  ---------------

OS:
 Windows 11 , 64 bit Build 22621 (10.0.22621.3958)
OS uptime: 0 days 9:11 hours

CPU: total 4 (initial active 4) (2 cores per cpu, 2 threads per core) family 6 model 78 stepping 3 microcode 0xd6, cx8, cmov, fxsr, ht, mmx, 3dnowpref, sse, sse2, sse3, ssse3, sse4.1, sse4.2, popcnt, lzcnt, tsc, tscinvbit, avx, avx2, aes, erms, clmul, bmi1, bmi2, rtm, adx, fma, vzeroupper, clflush, clflushopt
Processor Information for all 4 processors :
  Max Mhz: 2496, Current Mhz: 2396, Mhz Limit: 2396

Memory: 4k page, system-wide physical 3976M (59M free)
TotalPageFile size 16264M (AvailPageFile size 50M)
current process WorkingSet (physical memory assigned to process): 190M, peak: 210M
current process commit charge ("private bytes"): 382M, peak: 660M

vm_info: OpenJDK 64-Bit Server VM (17.0.19+10) for windows-amd64 JRE (17.0.19+10), built on Apr 25 2026 08:04:44 by "admin" with MS VC++ 17.12 (VS2022)

END.
